[0.010s] Invoking command in '/home/chaos/moveit2_ws/src/moveit2_tutorials/doc/moveit2_commander_ws/build/python_interface': CMAKE_PREFIX_PATH=${CMAKE_PREFIX_PATH}:/home/chaos/moveit2_ws/install/ros2controlcli:/opt/ros/foxy /usr/bin/cmake --build /home/chaos/moveit2_ws/src/moveit2_tutorials/doc/moveit2_commander_ws/build/python_interface -- -j8 -l8
[0.033s] -- Found ament_cmake: 0.9.8 (/opt/ros/foxy/share/ament_cmake/cmake)
[0.047s] -- Using PYTHON_EXECUTABLE: /usr/bin/python3
[0.146s] -- Override CMake install command with custom implementation using symlinks instead of copying resources
[0.150s] -- Found rclcpp: 2.3.1 (/opt/ros/foxy/share/rclcpp/cmake)
[0.173s] -- Using all available rosidl_typesupport_c: rosidl_typesupport_fastrtps_c;rosidl_typesupport_introspection_c
[0.174s] -- Found rosidl_adapter: 1.2.1 (/opt/ros/foxy/share/rosidl_adapter/cmake)
[0.254s] -- Using all available rosidl_typesupport_cpp: rosidl_typesupport_fastrtps_cpp;rosidl_typesupport_introspection_cpp
[0.283s] -- Found rmw_implementation_cmake: 1.0.3 (/opt/ros/foxy/share/rmw_implementation_cmake/cmake)
[0.285s] -- Using RMW implementation 'rmw_fastrtps_cpp' as default
[0.368s] -- Found geometry_msgs: 2.0.4 (/opt/ros/foxy/share/geometry_msgs/cmake)
[0.388s] -- Found moveit_core: 2.1.0 (/home/chaos/moveit2_ws/install/moveit_core/share/moveit_core/cmake)
[0.397s] -- Found Boost: /usr/lib/x86_64-linux-gnu/cmake/Boost-1.71.0/BoostConfig.cmake (found version "1.71.0") found components: chrono date_time filesystem iostreams program_options regex serialization system thread 
[1.574s] -- Found moveit_ros_planning: 2.1.0 (/home/chaos/moveit2_ws/install/moveit_ros_planning/share/moveit_ros_planning/cmake)
[1.578s] -- Found Boost: /usr/lib/x86_64-linux-gnu/cmake/Boost-1.71.0/BoostConfig.cmake (found version "1.71.0") found components: system filesystem date_time program_options thread chrono 
[1.839s] -- Found Boost: /usr/lib/x86_64-linux-gnu/cmake/Boost-1.71.0/BoostConfig.cmake (found version "1.71.0") found components: thread 
[2.343s] -- Found moveit_ros_planning_interface: 2.1.0 (/home/chaos/moveit2_ws/install/moveit_ros_planning_interface/share/moveit_ros_planning_interface/cmake)
[2.345s] -- Found Boost: /usr/lib/x86_64-linux-gnu/cmake/Boost-1.71.0/BoostConfig.cmake (found version "1.71.0")  
[2.349s] -- Found Boost: /usr/lib/x86_64-linux-gnu/cmake/Boost-1.71.0/BoostConfig.cmake (found version "1.71.0") found components: date_time filesystem program_options python system thread 
[2.665s] -- Found Boost: /usr/lib/x86_64-linux-gnu/cmake/Boost-1.71.0/BoostConfig.cmake (found version "1.71.0") found components: system filesystem date_time program_options thread 
[3.176s] -- Found PythonLibs: /usr/lib/x86_64-linux-gnu/libpython3.8.so (found version "3.8.5") 
[3.178s] -- Found Boost: /usr/lib/x86_64-linux-gnu/cmake/Boost-1.71.0/BoostConfig.cmake (found version "1.71.0") found components: python 
[3.179s] CMake Error at /opt/ros/foxy/share/ament_cmake_target_dependencies/cmake/ament_target_dependencies.cmake:77 (message):
[3.179s]   ament_target_dependencies() the passed package name 'python_interface' was
[3.179s]   not found before
[3.179s] Call Stack (most recent call first):
[3.179s]   CMakeLists.txt:51 (ament_target_dependencies)
[3.179s] 
[3.179s] 
[3.180s] -- Configuring incomplete, errors occurred!
[3.180s] See also "/home/chaos/moveit2_ws/src/moveit2_tutorials/doc/moveit2_commander_ws/build/python_interface/CMakeFiles/CMakeOutput.log".
[3.180s] See also "/home/chaos/moveit2_ws/src/moveit2_tutorials/doc/moveit2_commander_ws/build/python_interface/CMakeFiles/CMakeError.log".
[3.185s] make: *** [Makefile:222: cmake_check_build_system] エラー 1
[3.186s] Invoked command in '/home/chaos/moveit2_ws/src/moveit2_tutorials/doc/moveit2_commander_ws/build/python_interface' returned '2': CMAKE_PREFIX_PATH=${CMAKE_PREFIX_PATH}:/home/chaos/moveit2_ws/install/ros2controlcli:/opt/ros/foxy /usr/bin/cmake --build /home/chaos/moveit2_ws/src/moveit2_tutorials/doc/moveit2_commander_ws/build/python_interface -- -j8 -l8
