[0.018s] Invoking command in '/home/chaos/moveit2_ws/src/moveit2_tutorials/doc/moveit2_commander_ws/build/python_interface': CMAKE_PREFIX_PATH=${CMAKE_PREFIX_PATH}:/home/chaos/moveit2_ws/install/ros2controlcli:/opt/ros/foxy /usr/bin/cmake /home/chaos/moveit2_ws/src/moveit2_tutorials/doc/moveit2_commander_ws/src/python_interface -DAMENT_CMAKE_SYMLINK_INSTALL=1 -DCMAKE_INSTALL_PREFIX=/home/chaos/moveit2_ws/src/moveit2_tutorials/doc/moveit2_commander_ws/install/python_interface
[0.221s] -- The C compiler identification is GNU 9.3.0
[0.353s] -- The CXX compiler identification is GNU 9.3.0
[0.362s] -- Check for working C compiler: /usr/bin/cc
[0.415s] -- Check for working C compiler: /usr/bin/cc -- works
[0.416s] -- Detecting C compiler ABI info
[0.479s] -- Detecting C compiler ABI info - done
[0.488s] -- Detecting C compile features
[0.488s] -- Detecting C compile features - done
[0.491s] -- Check for working CXX compiler: /usr/bin/c++
[0.547s] -- Check for working CXX compiler: /usr/bin/c++ -- works
[0.547s] -- Detecting CXX compiler ABI info
[0.614s] -- Detecting CXX compiler ABI info - done
[0.621s] -- Detecting CXX compile features
[0.621s] -- Detecting CXX compile features - done
[0.633s] -- Found ament_cmake: 0.9.8 (/opt/ros/foxy/share/ament_cmake/cmake)
[0.662s] -- Found PythonInterp: /usr/bin/python3 (found suitable version "3.8.5", minimum required is "3") 
[0.662s] -- Using PYTHON_EXECUTABLE: /usr/bin/python3
[0.769s] -- Override CMake install command with custom implementation using symlinks instead of copying resources
[0.821s] -- Found rclcpp: 2.3.1 (/opt/ros/foxy/share/rclcpp/cmake)
[0.917s] -- Using all available rosidl_typesupport_c: rosidl_typesupport_fastrtps_c;rosidl_typesupport_introspection_c
[0.930s] -- Found rosidl_adapter: 1.2.1 (/opt/ros/foxy/share/rosidl_adapter/cmake)
[1.032s] -- Found OpenSSL: /usr/lib/x86_64-linux-gnu/libcrypto.so (found version "1.1.1f")  
[1.057s] -- Found FastRTPS: /opt/ros/foxy/include  
[1.130s] -- Using all available rosidl_typesupport_cpp: rosidl_typesupport_fastrtps_cpp;rosidl_typesupport_introspection_cpp
[1.193s] -- Found rmw_implementation_cmake: 1.0.3 (/opt/ros/foxy/share/rmw_implementation_cmake/cmake)
[1.197s] -- Using RMW implementation 'rmw_fastrtps_cpp' as default
[1.199s] -- Looking for pthread.h
[1.273s] -- Looking for pthread.h - found
[1.273s] -- Performing Test CMAKE_HAVE_LIBC_PTHREAD
[1.364s] -- Performing Test CMAKE_HAVE_LIBC_PTHREAD - Failed
[1.364s] -- Looking for pthread_create in pthreads
[1.427s] -- Looking for pthread_create in pthreads - not found
[1.427s] -- Looking for pthread_create in pthread
[1.479s] -- Looking for pthread_create in pthread - found
[1.480s] -- Found Threads: TRUE  
[1.613s] -- Found geometry_msgs: 2.0.4 (/opt/ros/foxy/share/geometry_msgs/cmake)
[1.638s] -- Found moveit_core: 2.1.0 (/home/chaos/moveit2_ws/install/moveit_core/share/moveit_core/cmake)
[1.693s] -- Found Boost: /usr/lib/x86_64-linux-gnu/cmake/Boost-1.71.0/BoostConfig.cmake (found version "1.71.0") found components: chrono date_time filesystem iostreams program_options regex serialization system thread 
[1.861s] -- Found Eigen3: TRUE (found version "3.3.7") 
[3.033s] -- Found moveit_ros_planning: 2.1.0 (/home/chaos/moveit2_ws/install/moveit_ros_planning/share/moveit_ros_planning/cmake)
[3.037s] -- Found Boost: /usr/lib/x86_64-linux-gnu/cmake/Boost-1.71.0/BoostConfig.cmake (found version "1.71.0") found components: system filesystem date_time program_options thread chrono 
[3.308s] -- Found Boost: /usr/lib/x86_64-linux-gnu/cmake/Boost-1.71.0/BoostConfig.cmake (found version "1.71.0") found components: thread 
[3.814s] -- Found moveit_ros_planning_interface: 2.1.0 (/home/chaos/moveit2_ws/install/moveit_ros_planning_interface/share/moveit_ros_planning_interface/cmake)
[3.816s] -- Found Boost: /usr/lib/x86_64-linux-gnu/cmake/Boost-1.71.0/BoostConfig.cmake (found version "1.71.0")  
[3.824s] -- Found Boost: /usr/lib/x86_64-linux-gnu/cmake/Boost-1.71.0/BoostConfig.cmake (found version "1.71.0") found components: date_time filesystem program_options python system thread 
[4.141s] -- Found Boost: /usr/lib/x86_64-linux-gnu/cmake/Boost-1.71.0/BoostConfig.cmake (found version "1.71.0") found components: system filesystem date_time program_options thread 
[4.638s] CMake Error at CMakeLists.txt:25 (find_package):
[4.638s]   By not providing "Findmoveit_task_constructor_msgs.cmake" in
[4.638s]   CMAKE_MODULE_PATH this project has asked CMake to find a package
[4.638s]   configuration file provided by "moveit_task_constructor_msgs", but CMake
[4.638s]   did not find one.
[4.638s] 
[4.638s]   Could not find a package configuration file provided by
[4.638s]   "moveit_task_constructor_msgs" with any of the following names:
[4.638s] 
[4.638s]     moveit_task_constructor_msgsConfig.cmake
[4.638s]     moveit_task_constructor_msgs-config.cmake
[4.638s] 
[4.638s]   Add the installation prefix of "moveit_task_constructor_msgs" to
[4.639s]   CMAKE_PREFIX_PATH or set "moveit_task_constructor_msgs_DIR" to a directory
[4.639s]   containing one of the above files.  If "moveit_task_constructor_msgs"
[4.639s]   provides a separate development package or SDK, be sure it has been
[4.639s]   installed.
[4.639s] 
[4.639s] 
[4.639s] -- Configuring incomplete, errors occurred!
[4.640s] See also "/home/chaos/moveit2_ws/src/moveit2_tutorials/doc/moveit2_commander_ws/build/python_interface/CMakeFiles/CMakeOutput.log".
[4.640s] See also "/home/chaos/moveit2_ws/src/moveit2_tutorials/doc/moveit2_commander_ws/build/python_interface/CMakeFiles/CMakeError.log".
[4.646s] Invoked command in '/home/chaos/moveit2_ws/src/moveit2_tutorials/doc/moveit2_commander_ws/build/python_interface' returned '1': CMAKE_PREFIX_PATH=${CMAKE_PREFIX_PATH}:/home/chaos/moveit2_ws/install/ros2controlcli:/opt/ros/foxy /usr/bin/cmake /home/chaos/moveit2_ws/src/moveit2_tutorials/doc/moveit2_commander_ws/src/python_interface -DAMENT_CMAKE_SYMLINK_INSTALL=1 -DCMAKE_INSTALL_PREFIX=/home/chaos/moveit2_ws/src/moveit2_tutorials/doc/moveit2_commander_ws/install/python_interface
